<?xml version="1.0" encoding="UTF-8"?>
<!-- Generated by org.testng.reporters.JUnitReportReporter -->
<testsuite hostname="DESKTOP-4HCB293" failures="0" tests="1" name="TestPackage.ExtentReport" time="0.982" errors="0" timestamp="2022-10-13T17:46:38 IST" skipped="0">
  <testcase classname="TestPackage.ExtentReport" name="test" time="0.982"/>
  <system-out/>
</testsuite> <!-- TestPackage.ExtentReport -->
