<?xml version="1.0" encoding="UTF-8"?>
<!-- Generated by org.testng.reporters.JUnitReportReporter -->
<testsuite hostname="DESKTOP-4HCB293" failures="0" tests="1" name="TestPackage.OpenGoogle" time="27.177" errors="0" timestamp="2022-10-13T18:08:30 IST" skipped="0">
  <testcase classname="TestPackage.OpenGoogle" name="TestFaceBook" time="27.177"/>
  <system-out/>
</testsuite> <!-- TestPackage.OpenGoogle -->
